# JRE version: Java(TM) SE Runtime Environment (16.0.1+9) (build 16.0.1+9-24)
# Java VM: Java HotSpot(TM) 64-Bit Server VM (16.0.1+9-24, mixed mode, sharing, tiered, compressed oops, compressed class ptrs, g1 gc, windows-amd64)
GC Precious Log:
 CPUs: 8 total, 8 available
 Memory: 8101M
 Large Page Support: Disabled
 NUMA Support: Disabled
 Compressed Oops: Enabled (32-bit)
 Heap Region Size: 1M
 Heap Min Capacity: 8M
 Heap Initial Capacity: 128M
 Heap Max Capacity: 2026M
 Pre-touch: Disabled
 Parallel Workers: 8
 Concurrent Workers: 2
 Concurrent Refinement Workers: 8
 Periodic GC: Disabled
Heap:
 garbage-first heap   total 61440K, used 17127K [0x0000000081600000, 0x0000000100000000)
  region size 1024K, 2 young (2048K), 2 survivors (2048K)
 Metaspace       used 27683K, committed 28032K, reserved 1073152K
  class space    used 3393K, committed 3584K, reserved 1048576K
GC Heap History (15 events):
Event: 0.382 GC heap before
{Heap before GC invocations=0 (full 0):
 garbage-first heap   total 131072K, used 23552K [0x0000000081600000, 0x0000000100000000)
  region size 1024K, 23 young (23552K), 0 survivors (0K)
 Metaspace       used 5028K, committed 5248K, reserved 1056768K
  class space    used 520K, committed 640K, reserved 1048576K
}
Event: 0.386 GC heap after
{Heap after GC invocations=1 (full 0):
 garbage-first heap   total 131072K, used 6828K [0x0000000081600000, 0x0000000100000000)
  region size 1024K, 3 young (3072K), 3 survivors (3072K)
 Metaspace       used 5028K, committed 5248K, reserved 1056768K
  class space    used 520K, committed 640K, reserved 1048576K
}
Event: 0.393 GC heap before
{Heap before GC invocations=1 (full 0):
 garbage-first heap   total 131072K, used 35500K [0x0000000081600000, 0x0000000100000000)
  region size 1024K, 32 young (32768K), 3 survivors (3072K)
 Metaspace       used 5029K, committed 5248K, reserved 1056768K
  class space    used 520K, committed 640K, reserved 1048576K
}
Event: 0.394 GC heap after
{Heap after GC invocations=2 (full 0):
 garbage-first heap   total 131072K, used 6834K [0x0000000081600000, 0x0000000100000000)
  region size 1024K, 1 young (1024K), 1 survivors (1024K)
 Metaspace       used 5029K, committed 5248K, reserved 1056768K
  class space    used 520K, committed 640K, reserved 1048576K
}
Event: 1.349 GC heap before
{Heap before GC invocations=2 (full 0):
 garbage-first heap   total 131072K, used 83634K [0x0000000081600000, 0x0000000100000000)
  region size 1024K, 76 young (77824K), 1 survivors (1024K)
 Metaspace       used 17287K, committed 17600K, reserved 1064960K
  class space    used 2052K, committed 2176K, reserved 1048576K
}
Event: 1.354 GC heap after
{Heap after GC invocations=3 (full 0):
 garbage-first heap   total 131072K, used 11622K [0x0000000081600000, 0x0000000100000000)
  region size 1024K, 5 young (5120K), 5 survivors (5120K)
 Metaspace       used 17287K, committed 17600K, reserved 1064960K
  class space    used 2052K, committed 2176K, reserved 1048576K
}
Event: 1.930 GC heap before
{Heap before GC invocations=3 (full 0):
 garbage-first heap   total 131072K, used 80230K [0x0000000081600000, 0x0000000100000000)
  region size 1024K, 74 young (75776K), 5 survivors (5120K)
 Metaspace       used 20977K, committed 21248K, reserved 1073152K
  class space    used 2509K, committed 2624K, reserved 1048576K
}
Event: 1.935 GC heap after
{Heap after GC invocations=4 (full 0):
 garbage-first heap   total 131072K, used 13413K [0x0000000081600000, 0x0000000100000000)
  region size 1024K, 7 young (7168K), 7 survivors (7168K)
 Metaspace       used 20977K, committed 21248K, reserved 1073152K
  class space    used 2509K, committed 2624K, reserved 1048576K
}
Event: 2.463 GC heap before
{Heap before GC invocations=5 (full 0):
 garbage-first heap   total 51200K, used 36965K [0x0000000081600000, 0x0000000100000000)
  region size 1024K, 30 young (30720K), 7 survivors (7168K)
 Metaspace       used 24883K, committed 25152K, reserved 1073152K
  class space    used 3084K, committed 3200K, reserved 1048576K
}
Event: 2.471 GC heap after
{Heap after GC invocations=6 (full 0):
 garbage-first heap   total 51200K, used 15222K [0x0000000081600000, 0x0000000100000000)
  region size 1024K, 4 young (4096K), 4 survivors (4096K)
 Metaspace       used 24883K, committed 25152K, reserved 1073152K
  class space    used 3084K, committed 3200K, reserved 1048576K
}
Event: 2.700 GC heap before
{Heap before GC invocations=6 (full 0):
 garbage-first heap   total 51200K, used 35702K [0x0000000081600000, 0x0000000100000000)
  region size 1024K, 25 young (25600K), 4 survivors (4096K)
 Metaspace       used 27015K, committed 27264K, reserved 1073152K
  class space    used 3334K, committed 3456K, reserved 1048576K
}
Event: 2.704 GC heap after
{Heap after GC invocations=7 (full 0):
 garbage-first heap   total 51200K, used 16994K [0x0000000081600000, 0x0000000100000000)
  region size 1024K, 2 young (2048K), 2 survivors (2048K)
 Metaspace       used 27015K, committed 27264K, reserved 1073152K
  class space    used 3334K, committed 3456K, reserved 1048576K
}
Event: 2.706 GC heap before
{Heap before GC invocations=7 (full 0):
 garbage-first heap   total 51200K, used 36450K [0x0000000081600000, 0x0000000100000000)
  region size 1024K, 22 young (22528K), 2 survivors (2048K)
 Metaspace       used 27015K, committed 27264K, reserved 1073152K
  class space    used 3334K, committed 3456K, reserved 1048576K
}
Event: 2.708 GC heap after
{Heap after GC invocations=8 (full 0):
 garbage-first heap   total 51200K, used 16667K [0x0000000081600000, 0x0000000100000000)
  region size 1024K, 2 young (2048K), 2 survivors (2048K)
 Metaspace       used 27015K, committed 27264K, reserved 1073152K
  class space    used 3334K, committed 3456K, reserved 1048576K
}
Event: 2.769 GC heap before
{Heap before GC invocations=8 (full 0):
 garbage-first heap   total 51200K, used 37147K [0x0000000081600000, 0x0000000100000000)
  region size 1024K, 23 young (23552K), 2 survivors (2048K)
 Metaspace       used 27683K, committed 28032K, reserved 1073152K
  class space    used 3393K, committed 3584K, reserved 1048576K
}

